

Started GET "/" for 127.0.0.1 at 2024-11-13 12:30:59 -0600
Processing by Rails::WelcomeController#index as HTML
  Rendered /home/shaunrichter547/.rbenv/versions/2.6.10/lib/ruby/gems/2.6.0/gems/railties-4.2.10/lib/rails/templates/rails/welcome/index.html.erb (14.7ms)
Completed 200 OK in 87ms (Views: 86.6ms | ActiveRecord: 0.0ms)


Started GET "/" for 127.0.0.1 at 2024-11-13 20:56:15 -0600
Processing by HomeController#index as HTML
  Rendered home/index.html.haml within layouts/application (54.8ms)
Completed 500 Internal Server Error in 2615ms (ActiveRecord: 0.0ms)

ActionView::Template::Error (couldn't find file 'jquery' with type 'application/javascript'
Checked in these paths: 
  /mnt/c/College/Fall 2024/Software Engineering Languages and Tools/projectdirectory-selt_2024_team_003/app/assets/images
  /mnt/c/College/Fall 2024/Software Engineering Languages and Tools/projectdirectory-selt_2024_team_003/app/assets/javascripts
  /mnt/c/College/Fall 2024/Software Engineering Languages and Tools/projectdirectory-selt_2024_team_003/app/assets/stylesheets
  /mnt/c/College/Fall 2024/Software Engineering Languages and Tools/projectdirectory-selt_2024_team_003/vendor/assets/javascripts
  /mnt/c/College/Fall 2024/Software Engineering Languages and Tools/projectdirectory-selt_2024_team_003/vendor/assets/stylesheets
  /home/shaunrichter547/.rbenv/versions/2.6.10/lib/ruby/gems/2.6.0/gems/coffee-rails-4.1.1/lib/assets/javascripts):
    2: <html>
    3: <head>
    4:   <title>ShardsOfTheGrid</title>
    5:   <%= stylesheet_link_tag    'application', media: 'all', 'data-turbolinks-track' => true %>
    6:   <%= javascript_include_tag 'application', 'data-turbolinks-track' => true %>
    7:   <%= csrf_meta_tags %>
    8: </head>
  app/assets/javascripts/application.js:13
  app/views/layouts/application.html.erb:5:in `_app_views_layouts_application_html_erb__689821631153857970_47410115630260'


  Rendered /home/shaunrichter547/.rbenv/versions/2.6.10/lib/ruby/gems/2.6.0/gems/actionpack-4.2.10/lib/action_dispatch/middleware/templates/rescues/_source.erb (7.4ms)
  Rendered /home/shaunrichter547/.rbenv/versions/2.6.10/lib/ruby/gems/2.6.0/gems/actionpack-4.2.10/lib/action_dispatch/middleware/templates/rescues/_trace.html.erb (3.6ms)
  Rendered /home/shaunrichter547/.rbenv/versions/2.6.10/lib/ruby/gems/2.6.0/gems/actionpack-4.2.10/lib/action_dispatch/middleware/templates/rescues/_request_and_response.html.erb (107.1ms)
  Rendered /home/shaunrichter547/.rbenv/versions/2.6.10/lib/ruby/gems/2.6.0/gems/actionpack-4.2.10/lib/action_dispatch/middleware/templates/rescues/template_error.html.erb within rescues/layout (136.0ms)


Started GET "/" for 127.0.0.1 at 2024-11-13 20:58:11 -0600
Processing by HomeController#index as HTML
  Rendered home/index.html.haml within layouts/application (56.5ms)
Completed 500 Internal Server Error in 2960ms (ActiveRecord: 0.0ms)

ActionView::Template::Error (couldn't find file 'turbolinks' with type 'application/javascript'
Checked in these paths: 
  /mnt/c/College/Fall 2024/Software Engineering Languages and Tools/projectdirectory-selt_2024_team_003/app/assets/images
  /mnt/c/College/Fall 2024/Software Engineering Languages and Tools/projectdirectory-selt_2024_team_003/app/assets/javascripts
  /mnt/c/College/Fall 2024/Software Engineering Languages and Tools/projectdirectory-selt_2024_team_003/app/assets/stylesheets
  /mnt/c/College/Fall 2024/Software Engineering Languages and Tools/projectdirectory-selt_2024_team_003/vendor/assets/javascripts
  /mnt/c/College/Fall 2024/Software Engineering Languages and Tools/projectdirectory-selt_2024_team_003/vendor/assets/stylesheets
  /home/shaunrichter547/.rbenv/versions/2.6.10/lib/ruby/gems/2.6.0/gems/jquery-rails-4.6.0/vendor/assets/javascripts
  /home/shaunrichter547/.rbenv/versions/2.6.10/lib/ruby/gems/2.6.0/gems/coffee-rails-4.1.1/lib/assets/javascripts):
    2: <html>
    3: <head>
    4:   <title>ShardsOfTheGrid</title>
    5:   <%= stylesheet_link_tag    'application', media: 'all', 'data-turbolinks-track' => true %>
    6:   <%= javascript_include_tag 'application', 'data-turbolinks-track' => true %>
    7:   <%= csrf_meta_tags %>
    8: </head>
  app/assets/javascripts/application.js:15
  app/views/layouts/application.html.erb:5:in `_app_views_layouts_application_html_erb__483358825460588240_47311341942640'


  Rendered /home/shaunrichter547/.rbenv/versions/2.6.10/lib/ruby/gems/2.6.0/gems/actionpack-4.2.10/lib/action_dispatch/middleware/templates/rescues/_source.erb (5.4ms)
  Rendered /home/shaunrichter547/.rbenv/versions/2.6.10/lib/ruby/gems/2.6.0/gems/actionpack-4.2.10/lib/action_dispatch/middleware/templates/rescues/_trace.html.erb (1.8ms)
  Rendered /home/shaunrichter547/.rbenv/versions/2.6.10/lib/ruby/gems/2.6.0/gems/actionpack-4.2.10/lib/action_dispatch/middleware/templates/rescues/_request_and_response.html.erb (94.0ms)
  Rendered /home/shaunrichter547/.rbenv/versions/2.6.10/lib/ruby/gems/2.6.0/gems/actionpack-4.2.10/lib/action_dispatch/middleware/templates/rescues/template_error.html.erb within rescues/layout (112.7ms)


Started GET "/" for 127.0.0.1 at 2024-11-13 20:59:51 -0600
Processing by HomeController#index as HTML
  Rendered home/index.html.haml within layouts/application (21.2ms)
Completed 200 OK in 5946ms (Views: 5836.5ms | ActiveRecord: 0.0ms)


Started GET "/assets/jquery_ujs.self-a6375ab2b275439c922ac52b02a475d288976458aa11a6e8103c925ef2961f66.js?body=1" for 127.0.0.1 at 2024-11-13 21:00:00 -0600


Started GET "/assets/turbolinks.self-569ee74eaa15c1e2019317ff770b8769b1ec033a0f572a485f64c82ddc8f989e.js?body=1" for 127.0.0.1 at 2024-11-13 21:00:01 -0600


Started GET "/assets/application.self-3b8dabdc891efe46b9a144b400ad69e37d7e5876bdc39dee783419a69d7ca819.js?body=1" for 127.0.0.1 at 2024-11-13 21:00:01 -0600


Started GET "/" for 127.0.0.1 at 2024-11-13 21:12:16 -0600
Processing by HomeController#index as HTML
  Rendered home/index.html.haml within layouts/application (55.0ms)
Completed 200 OK in 6482ms (Views: 6386.3ms | ActiveRecord: 0.0ms)


Started GET "/assets/home.self-48e49fb87a9ccfc0c63e0b5ed28db5151a111de599cf8351997287c2330fb1fc.css?body=1" for 127.0.0.1 at 2024-11-13 21:12:26 -0600


Started GET "/" for 127.0.0.1 at 2024-11-13 21:20:57 -0600
Processing by HomeController#index as HTML
  Rendered home/index.html.haml within layouts/application (59.5ms)
Completed 200 OK in 9213ms (Views: 9111.6ms | ActiveRecord: 0.0ms)


Started GET "/" for 127.0.0.1 at 2024-11-13 21:21:10 -0600
Processing by HomeController#index as HTML
  Rendered home/index.html.haml within layouts/application (0.1ms)
Completed 200 OK in 1023ms (Views: 1022.4ms | ActiveRecord: 0.0ms)


Started GET "/" for 127.0.0.1 at 2024-11-13 21:21:12 -0600
Processing by HomeController#index as HTML
  Rendered home/index.html.haml within layouts/application (0.1ms)
Completed 200 OK in 1642ms (Views: 1641.8ms | ActiveRecord: 0.0ms)


Started GET "/assets/home.self-533637222e0594b13d28386c6e409c352595950b715520c92711feaa4c91b609.css?body=1" for 127.0.0.1 at 2024-11-13 21:21:13 -0600


Started GET "/" for 127.0.0.1 at 2024-11-13 21:25:58 -0600
Processing by HomeController#index as HTML
  Rendered home/index.html.haml within layouts/application (5.2ms)
Completed 200 OK in 3770ms (Views: 3768.8ms | ActiveRecord: 0.0ms)


Started GET "/assets/home.self-f460fe4f0bdde4d5630c812124848ffd0d329ff5babc1de66e2e498499e3a3e2.css?body=1" for 127.0.0.1 at 2024-11-13 21:26:02 -0600


Started GET "/" for 127.0.0.1 at 2024-11-13 21:42:19 -0600
Processing by HomeController#index as HTML
  Rendered home/index.html.haml within layouts/application (11.1ms)
Completed 200 OK in 853ms (Views: 851.0ms | ActiveRecord: 0.0ms)


Started GET "/" for 127.0.0.1 at 2024-11-13 21:42:37 -0600
Processing by HomeController#index as HTML
  Rendered home/index.html.haml within layouts/application (12.3ms)
Completed 200 OK in 1033ms (Views: 1032.2ms | ActiveRecord: 0.0ms)


Started GET "/terms" for 127.0.0.1 at 2024-11-13 21:42:50 -0600

ActionController::RoutingError (No route matches [GET] "/terms"):
  actionpack (4.2.10) lib/action_dispatch/middleware/debug_exceptions.rb:21:in `call'
  actionpack (4.2.10) lib/action_dispatch/middleware/show_exceptions.rb:30:in `call'
  railties (4.2.10) lib/rails/rack/logger.rb:38:in `call_app'
  railties (4.2.10) lib/rails/rack/logger.rb:20:in `block in call'
  activesupport (4.2.10) lib/active_support/tagged_logging.rb:68:in `block in tagged'
  activesupport (4.2.10) lib/active_support/tagged_logging.rb:26:in `tagged'
  activesupport (4.2.10) lib/active_support/tagged_logging.rb:68:in `tagged'
  railties (4.2.10) lib/rails/rack/logger.rb:20:in `call'
  actionpack (4.2.10) lib/action_dispatch/middleware/request_id.rb:21:in `call'
  rack (1.6.13) lib/rack/methodoverride.rb:22:in `call'
  rack (1.6.13) lib/rack/runtime.rb:18:in `call'
  activesupport (4.2.10) lib/active_support/cache/strategy/local_cache_middleware.rb:28:in `call'
  rack (1.6.13) lib/rack/lock.rb:17:in `call'
  actionpack (4.2.10) lib/action_dispatch/middleware/static.rb:120:in `call'
  rack (1.6.13) lib/rack/sendfile.rb:113:in `call'
  railties (4.2.10) lib/rails/engine.rb:518:in `call'
  railties (4.2.10) lib/rails/application.rb:165:in `call'
  rack (1.6.13) lib/rack/lock.rb:17:in `call'
  rack (1.6.13) lib/rack/content_length.rb:15:in `call'
  rack (1.6.13) lib/rack/handler/webrick.rb:88:in `service'
  /home/shaunrichter547/.rbenv/versions/2.6.10/lib/ruby/2.6.0/webrick/httpserver.rb:140:in `service'
  /home/shaunrichter547/.rbenv/versions/2.6.10/lib/ruby/2.6.0/webrick/httpserver.rb:96:in `run'
  /home/shaunrichter547/.rbenv/versions/2.6.10/lib/ruby/2.6.0/webrick/server.rb:307:in `block in start_thread'


  Rendered /home/shaunrichter547/.rbenv/versions/2.6.10/lib/ruby/gems/2.6.0/gems/actionpack-4.2.10/lib/action_dispatch/middleware/templates/rescues/_trace.html.erb (3.7ms)
  Rendered /home/shaunrichter547/.rbenv/versions/2.6.10/lib/ruby/gems/2.6.0/gems/actionpack-4.2.10/lib/action_dispatch/middleware/templates/routes/_route.html.erb (1.4ms)
  Rendered /home/shaunrichter547/.rbenv/versions/2.6.10/lib/ruby/gems/2.6.0/gems/actionpack-4.2.10/lib/action_dispatch/middleware/templates/routes/_table.html.erb (65.0ms)
  Rendered /home/shaunrichter547/.rbenv/versions/2.6.10/lib/ruby/gems/2.6.0/gems/actionpack-4.2.10/lib/action_dispatch/middleware/templates/rescues/_request_and_response.html.erb (2.2ms)
  Rendered /home/shaunrichter547/.rbenv/versions/2.6.10/lib/ruby/gems/2.6.0/gems/actionpack-4.2.10/lib/action_dispatch/middleware/templates/rescues/routing_error.html.erb within rescues/layout (129.8ms)


Started GET "/privacy" for 127.0.0.1 at 2024-11-13 21:42:54 -0600

ActionController::RoutingError (No route matches [GET] "/privacy"):
  actionpack (4.2.10) lib/action_dispatch/middleware/debug_exceptions.rb:21:in `call'
  actionpack (4.2.10) lib/action_dispatch/middleware/show_exceptions.rb:30:in `call'
  railties (4.2.10) lib/rails/rack/logger.rb:38:in `call_app'
  railties (4.2.10) lib/rails/rack/logger.rb:20:in `block in call'
  activesupport (4.2.10) lib/active_support/tagged_logging.rb:68:in `block in tagged'
  activesupport (4.2.10) lib/active_support/tagged_logging.rb:26:in `tagged'
  activesupport (4.2.10) lib/active_support/tagged_logging.rb:68:in `tagged'
  railties (4.2.10) lib/rails/rack/logger.rb:20:in `call'
  actionpack (4.2.10) lib/action_dispatch/middleware/request_id.rb:21:in `call'
  rack (1.6.13) lib/rack/methodoverride.rb:22:in `call'
  rack (1.6.13) lib/rack/runtime.rb:18:in `call'
  activesupport (4.2.10) lib/active_support/cache/strategy/local_cache_middleware.rb:28:in `call'
  rack (1.6.13) lib/rack/lock.rb:17:in `call'
  actionpack (4.2.10) lib/action_dispatch/middleware/static.rb:120:in `call'
  rack (1.6.13) lib/rack/sendfile.rb:113:in `call'
  railties (4.2.10) lib/rails/engine.rb:518:in `call'
  railties (4.2.10) lib/rails/application.rb:165:in `call'
  rack (1.6.13) lib/rack/lock.rb:17:in `call'
  rack (1.6.13) lib/rack/content_length.rb:15:in `call'
  rack (1.6.13) lib/rack/handler/webrick.rb:88:in `service'
  /home/shaunrichter547/.rbenv/versions/2.6.10/lib/ruby/2.6.0/webrick/httpserver.rb:140:in `service'
  /home/shaunrichter547/.rbenv/versions/2.6.10/lib/ruby/2.6.0/webrick/httpserver.rb:96:in `run'
  /home/shaunrichter547/.rbenv/versions/2.6.10/lib/ruby/2.6.0/webrick/server.rb:307:in `block in start_thread'


  Rendered /home/shaunrichter547/.rbenv/versions/2.6.10/lib/ruby/gems/2.6.0/gems/actionpack-4.2.10/lib/action_dispatch/middleware/templates/rescues/_trace.html.erb (1.4ms)
  Rendered /home/shaunrichter547/.rbenv/versions/2.6.10/lib/ruby/gems/2.6.0/gems/actionpack-4.2.10/lib/action_dispatch/middleware/templates/routes/_route.html.erb (1.0ms)
  Rendered /home/shaunrichter547/.rbenv/versions/2.6.10/lib/ruby/gems/2.6.0/gems/actionpack-4.2.10/lib/action_dispatch/middleware/templates/routes/_table.html.erb (1.0ms)
  Rendered /home/shaunrichter547/.rbenv/versions/2.6.10/lib/ruby/gems/2.6.0/gems/actionpack-4.2.10/lib/action_dispatch/middleware/templates/rescues/_request_and_response.html.erb (1.2ms)
  Rendered /home/shaunrichter547/.rbenv/versions/2.6.10/lib/ruby/gems/2.6.0/gems/actionpack-4.2.10/lib/action_dispatch/middleware/templates/rescues/routing_error.html.erb within rescues/layout (17.8ms)


Started GET "/" for 127.0.0.1 at 2024-11-13 21:42:55 -0600
Processing by HomeController#index as HTML
  Rendered home/index.html.haml within layouts/application (0.1ms)
Completed 200 OK in 1330ms (Views: 1329.1ms | ActiveRecord: 0.0ms)


Started GET "/" for 127.0.0.1 at 2024-11-13 22:01:58 -0600
Processing by HomeController#index as HTML
  Rendered home/index.html.haml within layouts/application (35.5ms)
Completed 200 OK in 3358ms (Views: 3267.5ms | ActiveRecord: 0.0ms)


Started GET "/" for 127.0.0.1 at 2024-11-13 22:04:12 -0600
Processing by HomeController#index as HTML
  Rendered home/index.html.haml within layouts/application (3.8ms)
Completed 200 OK in 3263ms (Views: 3262.5ms | ActiveRecord: 0.0ms)


Started GET "/assets/home.self-e8787563382d4bb12e3581902f76a15650bc0eef17ad5fc7f71211a827998bb6.css?body=1" for 127.0.0.1 at 2024-11-13 22:04:16 -0600


Started GET "/" for 127.0.0.1 at 2024-11-13 22:10:23 -0600
Processing by HomeController#index as HTML
  Rendered home/index.html.haml within layouts/application (0.2ms)
Completed 200 OK in 2947ms (Views: 2946.0ms | ActiveRecord: 0.0ms)


Started GET "/assets/home.self-225855060578771af45bcc07f2d5edb5b0dcec4e69165155ae2107d8876e77e1.css?body=1" for 127.0.0.1 at 2024-11-13 22:10:26 -0600


Started GET "/" for 127.0.0.1 at 2024-11-13 22:10:41 -0600
Processing by HomeController#index as HTML
  Rendered home/index.html.haml within layouts/application (0.2ms)
Completed 200 OK in 3285ms (Views: 3284.2ms | ActiveRecord: 0.0ms)


Started GET "/assets/home.self-ec5a0fe6fdf62560b1e951812be41772a095f6b1f8e4d4faca75efe37ed80776.css?body=1" for 127.0.0.1 at 2024-11-13 22:10:45 -0600


Started GET "/" for 127.0.0.1 at 2024-11-13 22:10:57 -0600
Processing by HomeController#index as HTML
  Rendered home/index.html.haml within layouts/application (0.1ms)
Completed 200 OK in 2673ms (Views: 2672.4ms | ActiveRecord: 0.0ms)


Started GET "/assets/home.self-43190ae2519b9e0a946e622f90c4fd9de50bcda9afd8b54e8e13008d600ca4a1.css?body=1" for 127.0.0.1 at 2024-11-13 22:11:00 -0600


Started GET "/" for 127.0.0.1 at 2024-11-14 15:25:29 -0600
Processing by HomeController#index as HTML
  Rendered home/index.html.haml within layouts/application (43.5ms)
Completed 200 OK in 3720ms (Views: 3691.4ms | ActiveRecord: 0.0ms)


Started GET "/" for 127.0.0.1 at 2024-11-14 16:27:09 -0600
Processing by HomeController#index as HTML
  Rendered home/index.html.haml within layouts/application (20.2ms)
Completed 200 OK in 3089ms (Views: 3062.9ms | ActiveRecord: 0.0ms)


Started GET "/create" for 127.0.0.1 at 2024-11-14 16:27:17 -0600

ActionController::RoutingError (uninitialized constant RegistrationsController):
  activesupport (4.2.10) lib/active_support/inflector/methods.rb:261:in `const_get'
  activesupport (4.2.10) lib/active_support/inflector/methods.rb:261:in `block in constantize'
  activesupport (4.2.10) lib/active_support/inflector/methods.rb:259:in `each'
  activesupport (4.2.10) lib/active_support/inflector/methods.rb:259:in `inject'
  activesupport (4.2.10) lib/active_support/inflector/methods.rb:259:in `constantize'
  actionpack (4.2.10) lib/action_dispatch/routing/route_set.rb:70:in `controller_reference'
  actionpack (4.2.10) lib/action_dispatch/routing/route_set.rb:60:in `controller'
  actionpack (4.2.10) lib/action_dispatch/routing/route_set.rb:39:in `serve'
  actionpack (4.2.10) lib/action_dispatch/journey/router.rb:43:in `block in serve'
  actionpack (4.2.10) lib/action_dispatch/journey/router.rb:30:in `each'
  actionpack (4.2.10) lib/action_dispatch/journey/router.rb:30:in `serve'
  actionpack (4.2.10) lib/action_dispatch/routing/route_set.rb:817:in `call'
  rack (1.6.13) lib/rack/etag.rb:24:in `call'
  rack (1.6.13) lib/rack/conditionalget.rb:25:in `call'
  rack (1.6.13) lib/rack/head.rb:13:in `call'
  actionpack (4.2.10) lib/action_dispatch/middleware/params_parser.rb:27:in `call'
  actionpack (4.2.10) lib/action_dispatch/middleware/flash.rb:260:in `call'
  rack (1.6.13) lib/rack/session/abstract/id.rb:252:in `context'
  rack (1.6.13) lib/rack/session/abstract/id.rb:247:in `call'
  actionpack (4.2.10) lib/action_dispatch/middleware/cookies.rb:560:in `call'
  activerecord (4.2.10) lib/active_record/query_cache.rb:36:in `call'
  activerecord (4.2.10) lib/active_record/connection_adapters/abstract/connection_pool.rb:653:in `call'
  activerecord (4.2.10) lib/active_record/migration.rb:377:in `call'
  actionpack (4.2.10) lib/action_dispatch/middleware/callbacks.rb:29:in `block in call'
  activesupport (4.2.10) lib/active_support/callbacks.rb:88:in `__run_callbacks__'
  activesupport (4.2.10) lib/active_support/callbacks.rb:778:in `_run_call_callbacks'
  activesupport (4.2.10) lib/active_support/callbacks.rb:81:in `run_callbacks'
  actionpack (4.2.10) lib/action_dispatch/middleware/callbacks.rb:27:in `call'
  actionpack (4.2.10) lib/action_dispatch/middleware/reloader.rb:73:in `call'
  actionpack (4.2.10) lib/action_dispatch/middleware/remote_ip.rb:78:in `call'
  actionpack (4.2.10) lib/action_dispatch/middleware/debug_exceptions.rb:17:in `call'
  actionpack (4.2.10) lib/action_dispatch/middleware/show_exceptions.rb:30:in `call'
  railties (4.2.10) lib/rails/rack/logger.rb:38:in `call_app'
  railties (4.2.10) lib/rails/rack/logger.rb:20:in `block in call'
  activesupport (4.2.10) lib/active_support/tagged_logging.rb:68:in `block in tagged'
  activesupport (4.2.10) lib/active_support/tagged_logging.rb:26:in `tagged'
  activesupport (4.2.10) lib/active_support/tagged_logging.rb:68:in `tagged'
  railties (4.2.10) lib/rails/rack/logger.rb:20:in `call'
  actionpack (4.2.10) lib/action_dispatch/middleware/request_id.rb:21:in `call'
  rack (1.6.13) lib/rack/methodoverride.rb:22:in `call'
  rack (1.6.13) lib/rack/runtime.rb:18:in `call'
  activesupport (4.2.10) lib/active_support/cache/strategy/local_cache_middleware.rb:28:in `call'
  rack (1.6.13) lib/rack/lock.rb:17:in `call'
  actionpack (4.2.10) lib/action_dispatch/middleware/static.rb:120:in `call'
  rack (1.6.13) lib/rack/sendfile.rb:113:in `call'
  railties (4.2.10) lib/rails/engine.rb:518:in `call'
  railties (4.2.10) lib/rails/application.rb:165:in `call'
  rack (1.6.13) lib/rack/lock.rb:17:in `call'
  rack (1.6.13) lib/rack/content_length.rb:15:in `call'
  rack (1.6.13) lib/rack/handler/webrick.rb:88:in `service'
  /home/shaunrichter547/.rbenv/versions/2.6.10/lib/ruby/2.6.0/webrick/httpserver.rb:140:in `service'
  /home/shaunrichter547/.rbenv/versions/2.6.10/lib/ruby/2.6.0/webrick/httpserver.rb:96:in `run'
  /home/shaunrichter547/.rbenv/versions/2.6.10/lib/ruby/2.6.0/webrick/server.rb:307:in `block in start_thread'


  Rendered /home/shaunrichter547/.rbenv/versions/2.6.10/lib/ruby/gems/2.6.0/gems/actionpack-4.2.10/lib/action_dispatch/middleware/templates/rescues/_trace.html.erb (4.0ms)
  Rendered /home/shaunrichter547/.rbenv/versions/2.6.10/lib/ruby/gems/2.6.0/gems/actionpack-4.2.10/lib/action_dispatch/middleware/templates/routes/_route.html.erb (1.1ms)
  Rendered /home/shaunrichter547/.rbenv/versions/2.6.10/lib/ruby/gems/2.6.0/gems/actionpack-4.2.10/lib/action_dispatch/middleware/templates/routes/_table.html.erb (83.7ms)
  Rendered /home/shaunrichter547/.rbenv/versions/2.6.10/lib/ruby/gems/2.6.0/gems/actionpack-4.2.10/lib/action_dispatch/middleware/templates/rescues/_request_and_response.html.erb (1.3ms)
  Rendered /home/shaunrichter547/.rbenv/versions/2.6.10/lib/ruby/gems/2.6.0/gems/actionpack-4.2.10/lib/action_dispatch/middleware/templates/rescues/routing_error.html.erb within rescues/layout (189.0ms)


Started GET "/login" for 127.0.0.1 at 2024-11-14 16:27:20 -0600

ActionController::RoutingError (uninitialized constant SessionsController):
  activesupport (4.2.10) lib/active_support/inflector/methods.rb:261:in `const_get'
  activesupport (4.2.10) lib/active_support/inflector/methods.rb:261:in `block in constantize'
  activesupport (4.2.10) lib/active_support/inflector/methods.rb:259:in `each'
  activesupport (4.2.10) lib/active_support/inflector/methods.rb:259:in `inject'
  activesupport (4.2.10) lib/active_support/inflector/methods.rb:259:in `constantize'
  actionpack (4.2.10) lib/action_dispatch/routing/route_set.rb:70:in `controller_reference'
  actionpack (4.2.10) lib/action_dispatch/routing/route_set.rb:60:in `controller'
  actionpack (4.2.10) lib/action_dispatch/routing/route_set.rb:39:in `serve'
  actionpack (4.2.10) lib/action_dispatch/journey/router.rb:43:in `block in serve'
  actionpack (4.2.10) lib/action_dispatch/journey/router.rb:30:in `each'
  actionpack (4.2.10) lib/action_dispatch/journey/router.rb:30:in `serve'
  actionpack (4.2.10) lib/action_dispatch/routing/route_set.rb:817:in `call'
  rack (1.6.13) lib/rack/etag.rb:24:in `call'
  rack (1.6.13) lib/rack/conditionalget.rb:25:in `call'
  rack (1.6.13) lib/rack/head.rb:13:in `call'
  actionpack (4.2.10) lib/action_dispatch/middleware/params_parser.rb:27:in `call'
  actionpack (4.2.10) lib/action_dispatch/middleware/flash.rb:260:in `call'
  rack (1.6.13) lib/rack/session/abstract/id.rb:252:in `context'
  rack (1.6.13) lib/rack/session/abstract/id.rb:247:in `call'
  actionpack (4.2.10) lib/action_dispatch/middleware/cookies.rb:560:in `call'
  activerecord (4.2.10) lib/active_record/query_cache.rb:36:in `call'
  activerecord (4.2.10) lib/active_record/connection_adapters/abstract/connection_pool.rb:653:in `call'
  activerecord (4.2.10) lib/active_record/migration.rb:377:in `call'
  actionpack (4.2.10) lib/action_dispatch/middleware/callbacks.rb:29:in `block in call'
  activesupport (4.2.10) lib/active_support/callbacks.rb:88:in `__run_callbacks__'
  activesupport (4.2.10) lib/active_support/callbacks.rb:778:in `_run_call_callbacks'
  activesupport (4.2.10) lib/active_support/callbacks.rb:81:in `run_callbacks'
  actionpack (4.2.10) lib/action_dispatch/middleware/callbacks.rb:27:in `call'
  actionpack (4.2.10) lib/action_dispatch/middleware/reloader.rb:73:in `call'
  actionpack (4.2.10) lib/action_dispatch/middleware/remote_ip.rb:78:in `call'
  actionpack (4.2.10) lib/action_dispatch/middleware/debug_exceptions.rb:17:in `call'
  actionpack (4.2.10) lib/action_dispatch/middleware/show_exceptions.rb:30:in `call'
  railties (4.2.10) lib/rails/rack/logger.rb:38:in `call_app'
  railties (4.2.10) lib/rails/rack/logger.rb:20:in `block in call'
  activesupport (4.2.10) lib/active_support/tagged_logging.rb:68:in `block in tagged'
  activesupport (4.2.10) lib/active_support/tagged_logging.rb:26:in `tagged'
  activesupport (4.2.10) lib/active_support/tagged_logging.rb:68:in `tagged'
  railties (4.2.10) lib/rails/rack/logger.rb:20:in `call'
  actionpack (4.2.10) lib/action_dispatch/middleware/request_id.rb:21:in `call'
  rack (1.6.13) lib/rack/methodoverride.rb:22:in `call'
  rack (1.6.13) lib/rack/runtime.rb:18:in `call'
  activesupport (4.2.10) lib/active_support/cache/strategy/local_cache_middleware.rb:28:in `call'
  rack (1.6.13) lib/rack/lock.rb:17:in `call'
  actionpack (4.2.10) lib/action_dispatch/middleware/static.rb:120:in `call'
  rack (1.6.13) lib/rack/sendfile.rb:113:in `call'
  railties (4.2.10) lib/rails/engine.rb:518:in `call'
  railties (4.2.10) lib/rails/application.rb:165:in `call'
  rack (1.6.13) lib/rack/lock.rb:17:in `call'
  rack (1.6.13) lib/rack/content_length.rb:15:in `call'
  rack (1.6.13) lib/rack/handler/webrick.rb:88:in `service'
  /home/shaunrichter547/.rbenv/versions/2.6.10/lib/ruby/2.6.0/webrick/httpserver.rb:140:in `service'
  /home/shaunrichter547/.rbenv/versions/2.6.10/lib/ruby/2.6.0/webrick/httpserver.rb:96:in `run'
  /home/shaunrichter547/.rbenv/versions/2.6.10/lib/ruby/2.6.0/webrick/server.rb:307:in `block in start_thread'


  Rendered /home/shaunrichter547/.rbenv/versions/2.6.10/lib/ruby/gems/2.6.0/gems/actionpack-4.2.10/lib/action_dispatch/middleware/templates/rescues/_trace.html.erb (1.0ms)
  Rendered /home/shaunrichter547/.rbenv/versions/2.6.10/lib/ruby/gems/2.6.0/gems/actionpack-4.2.10/lib/action_dispatch/middleware/templates/routes/_route.html.erb (0.7ms)
  Rendered /home/shaunrichter547/.rbenv/versions/2.6.10/lib/ruby/gems/2.6.0/gems/actionpack-4.2.10/lib/action_dispatch/middleware/templates/routes/_table.html.erb (1.0ms)
  Rendered /home/shaunrichter547/.rbenv/versions/2.6.10/lib/ruby/gems/2.6.0/gems/actionpack-4.2.10/lib/action_dispatch/middleware/templates/rescues/_request_and_response.html.erb (1.0ms)
  Rendered /home/shaunrichter547/.rbenv/versions/2.6.10/lib/ruby/gems/2.6.0/gems/actionpack-4.2.10/lib/action_dispatch/middleware/templates/rescues/routing_error.html.erb within rescues/layout (15.4ms)


Started GET "/" for 127.0.0.1 at 2024-11-14 16:27:21 -0600
Processing by HomeController#index as HTML
  Rendered home/index.html.haml within layouts/application (0.4ms)
Completed 200 OK in 1236ms (Views: 1234.7ms | ActiveRecord: 0.0ms)


Started GET "/" for 127.0.0.1 at 2024-11-14 16:34:15 -0600
Processing by HomeController#index as HTML
  Rendered home/index.html.haml within layouts/application (7.3ms)
Completed 200 OK in 528ms (Views: 525.9ms | ActiveRecord: 0.0ms)


Started GET "/login" for 127.0.0.1 at 2024-11-14 16:34:24 -0600

ActionController::RoutingError (uninitialized constant SessionsController):
  activesupport (4.2.10) lib/active_support/inflector/methods.rb:261:in `const_get'
  activesupport (4.2.10) lib/active_support/inflector/methods.rb:261:in `block in constantize'
  activesupport (4.2.10) lib/active_support/inflector/methods.rb:259:in `each'
  activesupport (4.2.10) lib/active_support/inflector/methods.rb:259:in `inject'
  activesupport (4.2.10) lib/active_support/inflector/methods.rb:259:in `constantize'
  actionpack (4.2.10) lib/action_dispatch/routing/route_set.rb:70:in `controller_reference'
  actionpack (4.2.10) lib/action_dispatch/routing/route_set.rb:60:in `controller'
  actionpack (4.2.10) lib/action_dispatch/routing/route_set.rb:39:in `serve'
  actionpack (4.2.10) lib/action_dispatch/journey/router.rb:43:in `block in serve'
  actionpack (4.2.10) lib/action_dispatch/journey/router.rb:30:in `each'
  actionpack (4.2.10) lib/action_dispatch/journey/router.rb:30:in `serve'
  actionpack (4.2.10) lib/action_dispatch/routing/route_set.rb:817:in `call'
  rack (1.6.13) lib/rack/etag.rb:24:in `call'
  rack (1.6.13) lib/rack/conditionalget.rb:25:in `call'
  rack (1.6.13) lib/rack/head.rb:13:in `call'
  actionpack (4.2.10) lib/action_dispatch/middleware/params_parser.rb:27:in `call'
  actionpack (4.2.10) lib/action_dispatch/middleware/flash.rb:260:in `call'
  rack (1.6.13) lib/rack/session/abstract/id.rb:252:in `context'
  rack (1.6.13) lib/rack/session/abstract/id.rb:247:in `call'
  actionpack (4.2.10) lib/action_dispatch/middleware/cookies.rb:560:in `call'
  activerecord (4.2.10) lib/active_record/query_cache.rb:36:in `call'
  activerecord (4.2.10) lib/active_record/connection_adapters/abstract/connection_pool.rb:653:in `call'
  activerecord (4.2.10) lib/active_record/migration.rb:377:in `call'
  actionpack (4.2.10) lib/action_dispatch/middleware/callbacks.rb:29:in `block in call'
  activesupport (4.2.10) lib/active_support/callbacks.rb:88:in `__run_callbacks__'
  activesupport (4.2.10) lib/active_support/callbacks.rb:778:in `_run_call_callbacks'
  activesupport (4.2.10) lib/active_support/callbacks.rb:81:in `run_callbacks'
  actionpack (4.2.10) lib/action_dispatch/middleware/callbacks.rb:27:in `call'
  actionpack (4.2.10) lib/action_dispatch/middleware/reloader.rb:73:in `call'
  actionpack (4.2.10) lib/action_dispatch/middleware/remote_ip.rb:78:in `call'
  actionpack (4.2.10) lib/action_dispatch/middleware/debug_exceptions.rb:17:in `call'
  actionpack (4.2.10) lib/action_dispatch/middleware/show_exceptions.rb:30:in `call'
  railties (4.2.10) lib/rails/rack/logger.rb:38:in `call_app'
  railties (4.2.10) lib/rails/rack/logger.rb:20:in `block in call'
  activesupport (4.2.10) lib/active_support/tagged_logging.rb:68:in `block in tagged'
  activesupport (4.2.10) lib/active_support/tagged_logging.rb:26:in `tagged'
  activesupport (4.2.10) lib/active_support/tagged_logging.rb:68:in `tagged'
  railties (4.2.10) lib/rails/rack/logger.rb:20:in `call'
  actionpack (4.2.10) lib/action_dispatch/middleware/request_id.rb:21:in `call'
  rack (1.6.13) lib/rack/methodoverride.rb:22:in `call'
  rack (1.6.13) lib/rack/runtime.rb:18:in `call'
  activesupport (4.2.10) lib/active_support/cache/strategy/local_cache_middleware.rb:28:in `call'
  rack (1.6.13) lib/rack/lock.rb:17:in `call'
  actionpack (4.2.10) lib/action_dispatch/middleware/static.rb:120:in `call'
  rack (1.6.13) lib/rack/sendfile.rb:113:in `call'
  railties (4.2.10) lib/rails/engine.rb:518:in `call'
  railties (4.2.10) lib/rails/application.rb:165:in `call'
  rack (1.6.13) lib/rack/lock.rb:17:in `call'
  rack (1.6.13) lib/rack/content_length.rb:15:in `call'
  rack (1.6.13) lib/rack/handler/webrick.rb:88:in `service'
  /home/shaunrichter547/.rbenv/versions/2.6.10/lib/ruby/2.6.0/webrick/httpserver.rb:140:in `service'
  /home/shaunrichter547/.rbenv/versions/2.6.10/lib/ruby/2.6.0/webrick/httpserver.rb:96:in `run'
  /home/shaunrichter547/.rbenv/versions/2.6.10/lib/ruby/2.6.0/webrick/server.rb:307:in `block in start_thread'


  Rendered /home/shaunrichter547/.rbenv/versions/2.6.10/lib/ruby/gems/2.6.0/gems/actionpack-4.2.10/lib/action_dispatch/middleware/templates/rescues/_trace.html.erb (1.4ms)
  Rendered /home/shaunrichter547/.rbenv/versions/2.6.10/lib/ruby/gems/2.6.0/gems/actionpack-4.2.10/lib/action_dispatch/middleware/templates/routes/_route.html.erb (0.6ms)
  Rendered /home/shaunrichter547/.rbenv/versions/2.6.10/lib/ruby/gems/2.6.0/gems/actionpack-4.2.10/lib/action_dispatch/middleware/templates/routes/_table.html.erb (1.7ms)
  Rendered /home/shaunrichter547/.rbenv/versions/2.6.10/lib/ruby/gems/2.6.0/gems/actionpack-4.2.10/lib/action_dispatch/middleware/templates/rescues/_request_and_response.html.erb (2.1ms)
  Rendered /home/shaunrichter547/.rbenv/versions/2.6.10/lib/ruby/gems/2.6.0/gems/actionpack-4.2.10/lib/action_dispatch/middleware/templates/rescues/routing_error.html.erb within rescues/layout (21.5ms)


Started GET "/home" for 127.0.0.1 at 2024-11-14 16:34:36 -0600

ActionController::RoutingError (No route matches [GET] "/home"):
  actionpack (4.2.10) lib/action_dispatch/middleware/debug_exceptions.rb:21:in `call'
  actionpack (4.2.10) lib/action_dispatch/middleware/show_exceptions.rb:30:in `call'
  railties (4.2.10) lib/rails/rack/logger.rb:38:in `call_app'
  railties (4.2.10) lib/rails/rack/logger.rb:20:in `block in call'
  activesupport (4.2.10) lib/active_support/tagged_logging.rb:68:in `block in tagged'
  activesupport (4.2.10) lib/active_support/tagged_logging.rb:26:in `tagged'
  activesupport (4.2.10) lib/active_support/tagged_logging.rb:68:in `tagged'
  railties (4.2.10) lib/rails/rack/logger.rb:20:in `call'
  actionpack (4.2.10) lib/action_dispatch/middleware/request_id.rb:21:in `call'
  rack (1.6.13) lib/rack/methodoverride.rb:22:in `call'
  rack (1.6.13) lib/rack/runtime.rb:18:in `call'
  activesupport (4.2.10) lib/active_support/cache/strategy/local_cache_middleware.rb:28:in `call'
  rack (1.6.13) lib/rack/lock.rb:17:in `call'
  actionpack (4.2.10) lib/action_dispatch/middleware/static.rb:120:in `call'
  rack (1.6.13) lib/rack/sendfile.rb:113:in `call'
  railties (4.2.10) lib/rails/engine.rb:518:in `call'
  railties (4.2.10) lib/rails/application.rb:165:in `call'
  rack (1.6.13) lib/rack/lock.rb:17:in `call'
  rack (1.6.13) lib/rack/content_length.rb:15:in `call'
  rack (1.6.13) lib/rack/handler/webrick.rb:88:in `service'
  /home/shaunrichter547/.rbenv/versions/2.6.10/lib/ruby/2.6.0/webrick/httpserver.rb:140:in `service'
  /home/shaunrichter547/.rbenv/versions/2.6.10/lib/ruby/2.6.0/webrick/httpserver.rb:96:in `run'
  /home/shaunrichter547/.rbenv/versions/2.6.10/lib/ruby/2.6.0/webrick/server.rb:307:in `block in start_thread'


  Rendered /home/shaunrichter547/.rbenv/versions/2.6.10/lib/ruby/gems/2.6.0/gems/actionpack-4.2.10/lib/action_dispatch/middleware/templates/rescues/_trace.html.erb (2.8ms)
  Rendered /home/shaunrichter547/.rbenv/versions/2.6.10/lib/ruby/gems/2.6.0/gems/actionpack-4.2.10/lib/action_dispatch/middleware/templates/routes/_route.html.erb (1.0ms)
  Rendered /home/shaunrichter547/.rbenv/versions/2.6.10/lib/ruby/gems/2.6.0/gems/actionpack-4.2.10/lib/action_dispatch/middleware/templates/routes/_table.html.erb (1.5ms)
  Rendered /home/shaunrichter547/.rbenv/versions/2.6.10/lib/ruby/gems/2.6.0/gems/actionpack-4.2.10/lib/action_dispatch/middleware/templates/rescues/_request_and_response.html.erb (2.8ms)
  Rendered /home/shaunrichter547/.rbenv/versions/2.6.10/lib/ruby/gems/2.6.0/gems/actionpack-4.2.10/lib/action_dispatch/middleware/templates/rescues/routing_error.html.erb within rescues/layout (26.3ms)


Started GET "/" for 128.255.234.15 at 2024-11-15 19:00:24 +0000

ActiveRecord::PendingMigrationError (

Migrations are pending. To resolve this issue, run:

	bin/rake db:migrate RAILS_ENV=development

):
  activerecord (4.2.10) lib/active_record/migration.rb:392:in `check_pending!'
  activerecord (4.2.10) lib/active_record/migration.rb:373:in `call'
  actionpack (4.2.10) lib/action_dispatch/middleware/callbacks.rb:29:in `block in call'
  activesupport (4.2.10) lib/active_support/callbacks.rb:88:in `__run_callbacks__'
  activesupport (4.2.10) lib/active_support/callbacks.rb:778:in `_run_call_callbacks'
  activesupport (4.2.10) lib/active_support/callbacks.rb:81:in `run_callbacks'
  actionpack (4.2.10) lib/action_dispatch/middleware/callbacks.rb:27:in `call'
  actionpack (4.2.10) lib/action_dispatch/middleware/reloader.rb:73:in `call'
  actionpack (4.2.10) lib/action_dispatch/middleware/remote_ip.rb:78:in `call'
  actionpack (4.2.10) lib/action_dispatch/middleware/debug_exceptions.rb:17:in `call'
  actionpack (4.2.10) lib/action_dispatch/middleware/show_exceptions.rb:30:in `call'
  railties (4.2.10) lib/rails/rack/logger.rb:38:in `call_app'
  railties (4.2.10) lib/rails/rack/logger.rb:20:in `block in call'
  activesupport (4.2.10) lib/active_support/tagged_logging.rb:68:in `block in tagged'
  activesupport (4.2.10) lib/active_support/tagged_logging.rb:26:in `tagged'
  activesupport (4.2.10) lib/active_support/tagged_logging.rb:68:in `tagged'
  railties (4.2.10) lib/rails/rack/logger.rb:20:in `call'
  actionpack (4.2.10) lib/action_dispatch/middleware/request_id.rb:21:in `call'
  rack (1.6.13) lib/rack/methodoverride.rb:22:in `call'
  rack (1.6.13) lib/rack/runtime.rb:18:in `call'
  activesupport (4.2.10) lib/active_support/cache/strategy/local_cache_middleware.rb:28:in `call'
  rack (1.6.13) lib/rack/lock.rb:17:in `call'
  actionpack (4.2.10) lib/action_dispatch/middleware/static.rb:120:in `call'
  rack (1.6.13) lib/rack/sendfile.rb:113:in `call'
  railties (4.2.10) lib/rails/engine.rb:518:in `call'
  railties (4.2.10) lib/rails/application.rb:165:in `call'
  rack (1.6.13) lib/rack/lock.rb:17:in `call'
  rack (1.6.13) lib/rack/content_length.rb:15:in `call'
  rack (1.6.13) lib/rack/handler/webrick.rb:88:in `service'
  /usr/share/rvm/rubies/ruby-2.6.10/lib/ruby/2.6.0/webrick/httpserver.rb:140:in `service'
  /usr/share/rvm/rubies/ruby-2.6.10/lib/ruby/2.6.0/webrick/httpserver.rb:96:in `run'
  /usr/share/rvm/rubies/ruby-2.6.10/lib/ruby/2.6.0/webrick/server.rb:307:in `block in start_thread'


  Rendered /home/codio/.rvm/gems/ruby-2.6.10/gems/actionpack-4.2.10/lib/action_dispatch/middleware/templates/rescues/_source.erb (3.2ms)
  Rendered /home/codio/.rvm/gems/ruby-2.6.10/gems/actionpack-4.2.10/lib/action_dispatch/middleware/templates/rescues/_trace.html.erb (2.1ms)
  Rendered /home/codio/.rvm/gems/ruby-2.6.10/gems/actionpack-4.2.10/lib/action_dispatch/middleware/templates/rescues/_request_and_response.html.erb (1.5ms)
  Rendered /home/codio/.rvm/gems/ruby-2.6.10/gems/actionpack-4.2.10/lib/action_dispatch/middleware/templates/rescues/diagnostics.html.erb within rescues/layout (35.9ms)
  [1m[36m (71.8ms)[0m  [1mCREATE TABLE "schema_migrations" ("version" varchar NOT NULL) [0m
  [1m[35m (0.1ms)[0m  select sqlite_version(*)
  [1m[36m (76.2ms)[0m  [1mCREATE UNIQUE INDEX "unique_schema_migrations" ON "schema_migrations" ("version")[0m
  [1m[35mActiveRecord::SchemaMigration Load (0.1ms)[0m  SELECT "schema_migrations".* FROM "schema_migrations"
Migrating to CreateGames (20241111204228)
  [1m[36m (0.1ms)[0m  [1mbegin transaction[0m
  [1m[35m (0.7ms)[0m  CREATE TABLE "games" ("id" INTEGER PRIMARY KEY AUTOINCREMENT NOT NULL, "name" varchar, "code" varchar, "created_at" datetime NOT NULL, "updated_at" datetime NOT NULL) 
  [1m[36mSQL (0.3ms)[0m  [1mINSERT INTO "schema_migrations" ("version") VALUES (?)[0m  [["version", "20241111204228"]]
  [1m[35m (64.3ms)[0m  commit transaction
Migrating to CreateUsers (20241114165743)
  [1m[36m (0.1ms)[0m  [1mbegin transaction[0m
  [1m[35m (0.6ms)[0m  CREATE TABLE "users" ("id" INTEGER PRIMARY KEY AUTOINCREMENT NOT NULL, "username" varchar, "email" varchar, "password_digest" varchar) 
  [1m[36mSQL (0.3ms)[0m  [1mINSERT INTO "schema_migrations" ("version") VALUES (?)[0m  [["version", "20241114165743"]]
  [1m[35m (85.0ms)[0m  commit transaction
Migrating to CreateGameUsers (20241115003605)
  [1m[36m (0.1ms)[0m  [1mbegin transaction[0m
  [1m[35m (0.6ms)[0m  CREATE TABLE "game_users" ("id" INTEGER PRIMARY KEY AUTOINCREMENT NOT NULL, "user_id" integer, "game_id" integer) 
  [1m[36m (0.2ms)[0m  [1mCREATE  INDEX "index_game_users_on_user_id" ON "game_users" ("user_id")[0m
  [1m[35m (0.2ms)[0m              SELECT sql
            FROM sqlite_master
            WHERE name='index_game_users_on_user_id' AND type='index'
            UNION ALL
            SELECT sql
            FROM sqlite_temp_master
            WHERE name='index_game_users_on_user_id' AND type='index'

  [1m[36m (0.2ms)[0m  [1mCREATE  INDEX "index_game_users_on_game_id" ON "game_users" ("game_id")[0m
  [1m[35mSQL (0.3ms)[0m  INSERT INTO "schema_migrations" ("version") VALUES (?)  [["version", "20241115003605"]]
  [1m[36m (66.0ms)[0m  [1mcommit transaction[0m
  [1m[35mActiveRecord::SchemaMigration Load (0.1ms)[0m  SELECT "schema_migrations".* FROM "schema_migrations"
  [1m[36m (0.1ms)[0m  [1m            SELECT sql
            FROM sqlite_master
            WHERE name='index_game_users_on_game_id' AND type='index'
            UNION ALL
            SELECT sql
            FROM sqlite_temp_master
            WHERE name='index_game_users_on_game_id' AND type='index'
[0m
  [1m[35m (0.1ms)[0m              SELECT sql
            FROM sqlite_master
            WHERE name='index_game_users_on_user_id' AND type='index'
            UNION ALL
            SELECT sql
            FROM sqlite_temp_master
            WHERE name='index_game_users_on_user_id' AND type='index'



Started GET "/" for 128.255.234.15 at 2024-11-15 19:29:02 +0000
  [1m[36mActiveRecord::SchemaMigration Load (0.2ms)[0m  [1mSELECT "schema_migrations".* FROM "schema_migrations"[0m
Processing by HomeController#index as HTML
  Rendered home/index.html.haml within layouts/application (6.8ms)
Completed 200 OK in 5626ms (Views: 5612.7ms | ActiveRecord: 0.0ms)


Started GET "/assets/games.self-e3b0c44298fc1c149afbf4c8996fb92427ae41e4649b934ca495991b7852b855.css?body=1" for 128.255.234.15 at 2024-11-15 19:29:08 +0000


Started GET "/assets/pages.self-2cbd9f99c92acaf97b3b34db63a00cb81b91773bbe3544a17eb66e853b0a419e.css?body=1" for 128.255.234.15 at 2024-11-15 19:29:08 +0000


Started GET "/assets/home.self-43190ae2519b9e0a946e622f90c4fd9de50bcda9afd8b54e8e13008d600ca4a1.css?body=1" for 128.255.234.15 at 2024-11-15 19:29:08 +0000


Started GET "/assets/application.self-3643cd3033898fa67cca8c080218717177c29887e9edb06142cd89efc5e10e53.css?body=1" for 128.255.234.15 at 2024-11-15 19:29:08 +0000


Started GET "/assets/application.self-e3b0c44298fc1c149afbf4c8996fb92427ae41e4649b934ca495991b7852b855.js?body=1" for 128.255.234.15 at 2024-11-15 19:29:08 +0000


Started GET "/login" for 128.255.234.15 at 2024-11-15 19:29:11 +0000
Processing by SessionsController#new as HTML
  Rendered sessions/new.html.erb within layouts/application (5.1ms)
Completed 200 OK in 29ms (Views: 27.9ms | ActiveRecord: 0.0ms)


Started GET "/create" for 128.255.234.15 at 2024-11-15 19:29:13 +0000
Processing by RegistrationsController#new as HTML
  Rendered registrations/new.html.erb within layouts/application (32.3ms)
Completed 200 OK in 74ms (Views: 46.3ms | ActiveRecord: 0.4ms)


Started GET "/login" for 128.255.234.15 at 2024-11-15 19:29:19 +0000
Processing by SessionsController#new as HTML
  Rendered sessions/new.html.erb within layouts/application (0.6ms)
Completed 200 OK in 9ms (Views: 8.9ms | ActiveRecord: 0.0ms)
